<?xml version="1.0" encoding="UTF-8"?>
<!-- Generated by org.testng.reporters.JUnitReportReporter -->
<testsuite hostname="henrydeMacBook-Pro.local" failures="0" tests="1" name="cn.seleniumcn.api.WebdiverAPITest02" time="208.650" errors="0" timestamp="06 Nov 2017 08:58:57 GMT" skipped="0">
  <testcase classname="cn.seleniumcn.api.WebdiverAPITest02" name="testWebdriverAPIs_partII" time="208.650"/>
</testsuite> <!-- cn.seleniumcn.api.WebdiverAPITest02 -->
